<?xml version="1.0" encoding="UTF-8"?>
<testsuite name="br.torezan.extratordenotadecorretagem.PDFInfoExtratorTest" tests="1" skipped="0" failures="0" errors="0" timestamp="2024-07-25T23:53:00" hostname="DESKTOP-VGINSHI" time="0.627">
  <properties/>
  <testcase name="testarNota1()" classname="br.torezan.extratordenotadecorretagem.PDFInfoExtratorTest" time="0.627"/>
  <system-out><![CDATA[20:52:58.892 [Test worker] INFO org.springframework.test.context.support.AnnotationConfigContextLoaderUtils -- Could not detect default configuration classes for test class [br.torezan.extratordenotadecorretagem.PDFInfoExtratorTest]: PDFInfoExtratorTest does not declare any static, non-private, non-final, nested classes annotated with @Configuration.
20:52:58.997 [Test worker] INFO org.springframework.boot.test.context.SpringBootTestContextBootstrapper -- Found @SpringBootConfiguration br.torezan.extratordenotadecorretagem.ExtratorDeNotaDeCorretagemApplication for test class br.torezan.extratordenotadecorretagem.PDFInfoExtratorTest
  .   ____          _            __ _ _
 /\\ / ___'_ __ _ _(_)_ __  __ _ \ \ \ \
( ( )\___ | '_ | '_| | '_ \/ _` | \ \ \ \
 \\/  ___)| |_)| | | | | || (_| |  ) ) ) )
  '  |____| .__|_| |_|_| |_\__, | / / / /
 =========|_|==============|___/=/_/_/_/

 :: Spring Boot ::                (v3.3.0)

2024-07-25T20:52:59.352-03:00  INFO 2108 --- [Extrator de Nota de Corretagem] [    Test worker] b.t.e.PDFInfoExtratorTest                : Starting PDFInfoExtratorTest using Java 17.0.11 with PID 2108 (started by Admin in C:\Users\Admin\extratordenotadecorretagem\backend)
2024-07-25T20:52:59.353-03:00  INFO 2108 --- [Extrator de Nota de Corretagem] [    Test worker] b.t.e.PDFInfoExtratorTest                : No active profile set, falling back to 1 default profile: "default"
2024-07-25T20:53:00.296-03:00  INFO 2108 --- [Extrator de Nota de Corretagem] [    Test worker] b.t.e.PDFInfoExtratorTest                : Started PDFInfoExtratorTest in 1.136 seconds (process running for 2.094)
]]></system-out>
  <system-err><![CDATA[]]></system-err>
</testsuite>
