<?xml version="1.0" encoding="UTF-8"?>
<testsuite name="br.torezan.extratordenotadecorretagem.ExtratorDeNotaDeCorretagemApplicationTests" tests="1" skipped="0" failures="0" errors="0" timestamp="2024-08-28T20:26:15" hostname="DESKTOP-VGINSHI" time="0.594">
  <properties/>
  <testcase name="contextLoads()" classname="br.torezan.extratordenotadecorretagem.ExtratorDeNotaDeCorretagemApplicationTests" time="0.594"/>
  <system-out><![CDATA[17:26:13.692 [Test worker] INFO org.springframework.test.context.support.AnnotationConfigContextLoaderUtils -- Could not detect default configuration classes for test class [br.torezan.extratordenotadecorretagem.ExtratorDeNotaDeCorretagemApplicationTests]: ExtratorDeNotaDeCorretagemApplicationTests does not declare any static, non-private, non-final, nested classes annotated with @Configuration.
17:26:13.793 [Test worker] INFO org.springframework.boot.test.context.SpringBootTestContextBootstrapper -- Found @SpringBootConfiguration br.torezan.extratordenotadecorretagem.ExtratorDeNotaDeCorretagemApplication for test class br.torezan.extratordenotadecorretagem.ExtratorDeNotaDeCorretagemApplicationTests
  .   ____          _            __ _ _
 /\\ / ___'_ __ _ _(_)_ __  __ _ \ \ \ \
( ( )\___ | '_ | '_| | '_ \/ _` | \ \ \ \
 \\/  ___)| |_)| | | | | || (_| |  ) ) ) )
  '  |____| .__|_| |_|_| |_\__, | / / / /
 =========|_|==============|___/=/_/_/_/

 :: Spring Boot ::                (v3.3.0)

2024-08-28T17:26:14.123-03:00  INFO 3692 --- [Extrator de Nota de Corretagem] [    Test worker] tratorDeNotaDeCorretagemApplicationTests : Starting ExtratorDeNotaDeCorretagemApplicationTests using Java 17.0.11 with PID 3692 (started by Admin in C:\Users\Admin\extratordenotadecorretagem\backend)
2024-08-28T17:26:14.125-03:00  INFO 3692 --- [Extrator de Nota de Corretagem] [    Test worker] tratorDeNotaDeCorretagemApplicationTests : No active profile set, falling back to 1 default profile: "default"
2024-08-28T17:26:15.060-03:00  INFO 3692 --- [Extrator de Nota de Corretagem] [    Test worker] tratorDeNotaDeCorretagemApplicationTests : Started ExtratorDeNotaDeCorretagemApplicationTests in 1.129 seconds (process running for 2.063)
]]></system-out>
  <system-err><![CDATA[]]></system-err>
</testsuite>
